#
# There is insufficient memory for the Java Runtime Environment to continue.
# Native memory allocation (mmap) failed to map 266338304 bytes for Failed to commit area from 0x0000000702800000 to 0x0000000712600000 of length 266338304.
# Possible reasons:
#   The system is out of physical RAM or swap space
#   The process is running with CompressedOops enabled, and the Java Heap may be blocking the growth of the native heap
# Possible solutions:
#   Reduce memory load on the system
#   Increase physical memory or swap space
#   Check if swap backing store is full
#   Decrease Java heap size (-Xmx/-Xms)
#   Decrease number of Java threads
#   Decrease Java thread stack sizes (-Xss)
#   Set larger code cache with -XX:ReservedCodeCacheSize=
# This output file may be truncated or incomplete.
#
#  Out of Memory Error (t:/workspace/open/src/hotspot/os/windows/os_windows.cpp:3301), pid=19184, tid=15980
#
# JRE version:  (13.0+33) (build )
# Java VM: Java HotSpot(TM) 64-Bit Server VM (13+33, mixed mode, aot, sharing, tiered, compressed oops, g1 gc, windows-amd64)
# No core dump will be written. Minidumps are not enabled by default on client versions of Windows
#

---------------  S U M M A R Y ------------

Command Line: C:\Users\yujkl\AppData\Local\Temp\surefire14353725532708769893\surefirebooter1880909959575553157.jar C:\Users\yujkl\AppData\Local\Temp\surefire14353725532708769893 2021-06-19T20-49-08_451-jvmRun1 surefire4555511653594939865tmp surefire_04287655134497633214tmp

Host: Intel(R) Core(TM) i7-8550U CPU @ 1.80GHz, 8 cores, 15G,  Windows 10 , 64 bit Build 19041 (10.0.19041.1023)
Time: Sat Jun 19 20:49:08 2021 中国标准时间 elapsed time: 0 seconds (0d 0h 0m 0s)

---------------  T H R E A D  ---------------

Current thread (0x0000016f6afd1800):  JavaThread "Unknown thread" [_thread_in_vm, id=15980, stack(0x0000002a6cf00000,0x0000002a6d000000)]

Stack: [0x0000002a6cf00000,0x0000002a6d000000]
Native frames: (J=compiled Java code, j=interpreted, Vv=VM code, C=native code)
V  [jvm.dll+0x626eaa]
V  [jvm.dll+0x772c4a]
V  [jvm.dll+0x7743ff]
V  [jvm.dll+0x774a03]
V  [jvm.dll+0x24da38]
V  [jvm.dll+0x62436a]
V  [jvm.dll+0x618f55]
V  [jvm.dll+0x30c5fc]
V  [jvm.dll+0x30c432]
V  [jvm.dll+0x311ba6]
V  [jvm.dll+0x355cc6]
V  [jvm.dll+0x3554a0]
V  [jvm.dll+0x2e727a]
V  [jvm.dll+0x2e8512]
V  [jvm.dll+0x74fcb8]
V  [jvm.dll+0x363719]
V  [jvm.dll+0x732da5]
V  [jvm.dll+0x3ce2cf]
V  [jvm.dll+0x3d05f1]
C  [jli.dll+0x51ff]
C  [ucrtbase.dll+0x21bb2]
C  [KERNEL32.DLL+0x17034]
C  [ntdll.dll+0x52651]


---------------  P R O C E S S  ---------------

Threads class SMR info:
_java_thread_list=0x00007ffbbd2546b8, length=0, elements={
}

Java Threads: ( => current thread )

Other Threads:
  0x0000016f6b03b800 GCTaskThread "GC Thread#0" [stack: 0x0000002a6d000000,0x0000002a6d100000] [id=25904]
  0x0000016f6b05d000 ConcurrentGCThread "G1 Main Marker" [stack: 0x0000002a6d100000,0x0000002a6d200000] [id=23912]
  0x0000016f6b05f800 ConcurrentGCThread "G1 Conc#0" [stack: 0x0000002a6d200000,0x0000002a6d300000] [id=24088]

[error occurred during error reporting (printing all threads), id 0xc0000005, EXCEPTION_ACCESS_VIOLATION (0xc0000005) at pc=0x00007ffbbca86f47]

VM state:not at safepoint (not fully initialized)

VM Mutex/Monitor currently owned by a thread:  ([mutex/lock_event])
[0x0000016f6afcd2c0] Heap_lock - owner thread: 0x0000016f6afd1800

Heap address: 0x0000000702800000, size: 4056 MB, Compressed Oops mode: Non-zero based: 0x0000000702800000
Narrow klass base: 0x0000000000000000, Narrow klass shift: 0

GC Heap History (0 events):
No events

Deoptimization events (0 events):
No events

Classes unloaded (0 events):
No events

Classes redefined (0 events):
No events

Internal exceptions (0 events):
No events

Events (8 events):
Event: 0.018 Loaded shared library C:\Program Files\Java\jdk-13\bin\zip.dll
Event: 0.019 Loaded shared library C:\Program Files\Java\jdk-13\bin\jimage.dll
Event: 0.022 Loading shared library C:\Program Files\Java\jdk-13\lib\libjava.base-coop.dll failed, error code 126
Event: 0.022 Loading shared library C:\Program Files\Java\jdk-13\lib\libjava.logging-coop.dll failed, error code 126
Event: 0.022 Loading shared library C:\Program Files\Java\jdk-13\lib\libjdk.compiler-coop.dll failed, error code 126
Event: 0.022 Loading shared library C:\Program Files\Java\jdk-13\lib\libjdk.scripting.nashorn-coop.dll failed, error code 126
Event: 0.022 Loading shared library C:\Program Files\Java\jdk-13\lib\libjdk.internal.vm.ci-coop.dll failed, error code 126
Event: 0.023 Loading shared library C:\Program Files\Java\jdk-13\lib\libjdk.internal.vm.compiler-coop.dll failed, error code 126


Dynamic libraries:
0x00007ff7b8fd0000 - 0x00007ff7b8fdf000 	C:\Program Files\Java\jdk-13\bin\java.exe
0x00007ffc3d9f0000 - 0x00007ffc3dbe5000 	C:\WINDOWS\SYSTEM32\ntdll.dll
0x00007ffc3bb30000 - 0x00007ffc3bbed000 	C:\WINDOWS\System32\KERNEL32.DLL
0x00007ffc3b2c0000 - 0x00007ffc3b588000 	C:\WINDOWS\System32\KERNELBASE.dll
0x00007ffc3b720000 - 0x00007ffc3b820000 	C:\WINDOWS\System32\ucrtbase.dll
0x00007ffc326b0000 - 0x00007ffc326c8000 	C:\Program Files\Java\jdk-13\bin\jli.dll
0x00007ffc36b90000 - 0x00007ffc36ba5000 	C:\Program Files\Java\jdk-13\bin\VCRUNTIME140.dll
0x00007ffc3bc50000 - 0x00007ffc3bcfc000 	C:\WINDOWS\System32\ADVAPI32.dll
0x00007ffc3c110000 - 0x00007ffc3c1ae000 	C:\WINDOWS\System32\msvcrt.dll
0x00007ffc3bd40000 - 0x00007ffc3bddb000 	C:\WINDOWS\System32\sechost.dll
0x00007ffc3bfa0000 - 0x00007ffc3c0cb000 	C:\WINDOWS\System32\RPCRT4.dll
0x00007ffc3c310000 - 0x00007ffc3c4b0000 	C:\WINDOWS\System32\USER32.dll
0x00007ffc3b240000 - 0x00007ffc3b262000 	C:\WINDOWS\System32\win32u.dll
0x00007ffc3c0e0000 - 0x00007ffc3c10a000 	C:\WINDOWS\System32\GDI32.dll
0x00007ffc3b130000 - 0x00007ffc3b23b000 	C:\WINDOWS\System32\gdi32full.dll
0x00007ffc3b620000 - 0x00007ffc3b6bd000 	C:\WINDOWS\System32\msvcp_win.dll
0x00007ffc1c520000 - 0x00007ffc1c7ba000 	C:\WINDOWS\WinSxS\amd64_microsoft.windows.common-controls_6595b64144ccf1df_6.0.19041.1052_none_60b8f8fd71f5e8cb\COMCTL32.dll
0x00007ffc330f0000 - 0x00007ffc330fa000 	C:\WINDOWS\SYSTEM32\VERSION.dll
0x00007ffc3bd00000 - 0x00007ffc3bd30000 	C:\WINDOWS\System32\IMM32.DLL
0x00007ffbee920000 - 0x00007ffbee9bb000 	C:\Program Files\Java\jdk-13\bin\msvcp140.dll
0x00007ffbbc790000 - 0x00007ffbbd2f6000 	C:\Program Files\Java\jdk-13\bin\server\jvm.dll
0x00007ffc3bf00000 - 0x00007ffc3bf08000 	C:\WINDOWS\System32\PSAPI.DLL
0x00007ffc35960000 - 0x00007ffc35969000 	C:\WINDOWS\SYSTEM32\WSOCK32.dll
0x00007ffc1ca80000 - 0x00007ffc1caa7000 	C:\WINDOWS\SYSTEM32\WINMM.dll
0x00007ffc3c4b0000 - 0x00007ffc3c51b000 	C:\WINDOWS\System32\WS2_32.dll
0x00007ffc39a30000 - 0x00007ffc39a42000 	C:\WINDOWS\SYSTEM32\kernel.appcore.dll
0x00007ffc36c50000 - 0x00007ffc36c60000 	C:\Program Files\Java\jdk-13\bin\verify.dll
0x00007ffc38f00000 - 0x00007ffc390e4000 	C:\WINDOWS\SYSTEM32\DBGHELP.DLL
0x00007ffc12be0000 - 0x00007ffc12c0c000 	C:\WINDOWS\SYSTEM32\dbgcore.DLL
0x00007ffc3b590000 - 0x00007ffc3b613000 	C:\WINDOWS\System32\bcryptPrimitives.dll
0x00007ffc0f540000 - 0x00007ffc0f566000 	C:\Program Files\Java\jdk-13\bin\java.dll
0x00007ffc20880000 - 0x00007ffc20897000 	C:\Program Files\Java\jdk-13\bin\zip.dll
0x00007ffc36b60000 - 0x00007ffc36b6a000 	C:\Program Files\Java\jdk-13\bin\jimage.dll

dbghelp: loaded successfully - version: 4.0.5 - missing functions: none
symbol engine: initialized successfully - sym options: 0x614 - pdb path: .;C:\Program Files\Java\jdk-13\bin;C:\WINDOWS\SYSTEM32;C:\WINDOWS\WinSxS\amd64_microsoft.windows.common-controls_6595b64144ccf1df_6.0.19041.1052_none_60b8f8fd71f5e8cb;C:\Program Files\Java\jdk-13\bin\server

VM Arguments:
java_command: C:\Users\yujkl\AppData\Local\Temp\surefire14353725532708769893\surefirebooter1880909959575553157.jar C:\Users\yujkl\AppData\Local\Temp\surefire14353725532708769893 2021-06-19T20-49-08_451-jvmRun1 surefire4555511653594939865tmp surefire_04287655134497633214tmp
java_class_path (initial): C:\Users\yujkl\AppData\Local\Temp\surefire14353725532708769893\surefirebooter1880909959575553157.jar
Launcher Type: SUN_STANDARD

[Global flags]
     intx CICompilerCount                          = 4                                         {product} {ergonomic}
     uint ConcGCThreads                            = 2                                         {product} {ergonomic}
     uint G1ConcRefinementThreads                  = 8                                         {product} {ergonomic}
   size_t G1HeapRegionSize                         = 1048576                                   {product} {ergonomic}
    uintx GCDrainStackTargetSize                   = 64                                        {product} {ergonomic}
   size_t InitialHeapSize                          = 266338304                                 {product} {ergonomic}
   size_t MarkStackSize                            = 4194304                                   {product} {ergonomic}
   size_t MaxHeapSize                              = 4253024256                                {product} {ergonomic}
   size_t MinHeapDeltaBytes                        = 1048576                                   {product} {ergonomic}
   size_t MinHeapSize                              = 8388608                                   {product} {ergonomic}
    uintx NonNMethodCodeHeapSize                   = 5836300                                {pd product} {ergonomic}
    uintx NonProfiledCodeHeapSize                  = 122910970                              {pd product} {ergonomic}
    uintx ProfiledCodeHeapSize                     = 122910970                              {pd product} {ergonomic}
    uintx ReservedCodeCacheSize                    = 251658240                              {pd product} {ergonomic}
     bool SegmentedCodeCache                       = true                                      {product} {ergonomic}
   size_t SoftMaxHeapSize                          = 4253024256                             {manageable} {ergonomic}
     bool UseCompressedClassPointers               = true                                 {lp64_product} {ergonomic}
     bool UseCompressedOops                        = true                                 {lp64_product} {ergonomic}
     bool UseG1GC                                  = true                                      {product} {ergonomic}
     bool UseLargePagesIndividualAllocation        = false                                  {pd product} {ergonomic}

Logging:
Log output configuration:
 #0: stdout all=warning uptime,level,tags
 #1: stderr all=off uptime,level,tags

Environment Variables:
JAVA_HOME=C:\Program Files\Java\jdk-13
CLASSPATH=.;C:\Program Files\Java\jdk-13\lib;C:\Program Files\Java\jdk-13\lib\dt.jar;C:\Program Files\Java\jdk-13\lib\tools.jar;D:\scala-2.11.8\bin;D:\apache-tomcat-9.0.46\lib\servlet-api.jar;
PATH=C:\Program Files (x86)\Common Files\Oracle\Java\javapath;C:\Python39\Scripts\;C:\Python39\;C:\Program Files\NVIDIA GPU Computing Toolkit\CUDA\v10.1\bin;C:\Program Files\NVIDIA GPU Computing Toolkit\CUDA\v10.1\libnvvp;D:\anaconda3.5;D:\anaconda3.5\Library\usr\bin;D:\anaconda3.5\Library\bin;D:\MATLAB\R2017a\runtime\win64;D:\MATLAB\R2017a\bin;C:\Strawberry\c\bin;C:\Strawberry\perl\site\bin;C:\Strawberry\perl\bin;C:\Program Files\Git\cmd;C:\Program Files\Java\jdk-13\bin;C:\Program Files\Java\jdk-13\jre\bin;C:\WINDOWS\system32;C:\WINDOWS;C:\WINDOWS\System32\Wbem;C:\WINDOWS\System32\WindowsPowerShell\v1.0\;C:\WINDOWS\System32\OpenSSH\;D:\matlab2019a\runtime\win64;D:\matlab2019a\bin;D:\matlab2019a\polyspace\bin;C:\Program Files\dotnet\;C:\Program Files (x86)\NVIDIA Corporation\PhysX\Common;C:\Program Files\Microsoft SQL Server\Client SDK\ODBC\170\Tools\Binn\;C:\Program Files (x86)\Microsoft SQL Server\150\DTS\Binn\;C:\Program Files (x86)\Microsoft SQL Server\150\Tools\Binn\;C:\Program Files\Microsoft SQL Server\150\Tools\Binn\;C:\Program Files\Microsoft SQL Server\150\DTS\Binn\;C:\Users\yujkl\AppData\Local\Google\Chrome\Application;C:\Program Files\Mozilla Firefox\geckodriver.exe;C:\Program Files\Mozilla Firefox;D:\d\apache-maven-3.6.3-bin\apache-maven-3.6.3\bin;D:\d\adb;C:\Program Files\CMake\bin;C:\Program Files\NVIDIA GPU Computing Toolkit\CUDA\v11.1\lib\x64;C:\Program Files\NVIDIA Corporation\Nsight Compute 2019.4.0\;node_global\;C:\Users\yujkl\AppData\Roaming\nvm;C:\Program Files\nodejs;C:\ProgramData\chocolatey\bin;D:\nodejs\;D:\mysql\mysql-8.0.23-winx64\bin;C:\WINDOWS\system32;C:\WINDOWS;C:\WINDOWS\System32\Wbem;C:\WINDOWS\System32\WindowsPowerShell\v1.0\;C:\Program Files\Go\bin;C:\Program Files (x86)\Yarn\bin\;C:\Program Files\Git\bin;D:\ffmpeg\bin;D:\\nodejs\\node_global;C:\Program Files\Docker\Docker\resources\bin;C:\ProgramData\DockerDesktop\version-bin;C:\MinGW\bin;D:\anaconda3.5\Scripts;D:\anaconda3.5\Library\mingw-w64\bin;D:\scala-2.11.8\bin;D:\xshell\;D:\h
USERNAME=yujkl
OS=Windows_NT
PROCESSOR_IDENTIFIER=Intel64 Family 6 Model 142 Stepping 10, GenuineIntel



---------------  S Y S T E M  ---------------

OS: Windows 10 , 64 bit Build 19041 (10.0.19041.1023)

CPU:total 8 (initial active 8) (4 cores per cpu, 2 threads per core) family 6 model 142 stepping 10, cmov, cx8, fxsr, mmx, sse, sse2, sse3, ssse3, sse4.1, sse4.2, popcnt, avx, avx2, aes, clmul, erms, 3dnowpref, lzcnt, ht, tsc, tscinvbit, bmi1, bmi2, adx, fma

Memory: 4k page, system-wide physical 16218M (4699M free)
TotalPageFile size 19305M (AvailPageFile size 237M)
current process WorkingSet (physical memory assigned to process): 10M, peak: 10M
current process commit charge ("private bytes"): 61M, peak: 315M

vm_info: Java HotSpot(TM) 64-Bit Server VM (13+33) for windows-amd64 JRE (13+33), built on Sep 18 2019 21:38:00 by "mach5one" with unknown MS VC++:1916

END.
